# JRE version: OpenJDK Runtime Environment (8.0_282-b08) (build 1.8.0_282-b08)
# Java VM: OpenJDK 64-Bit Server VM (25.282-b08 mixed mode windows-amd64 compressed oops)
Heap:
 PSYoungGen      total 165888K, used 63183K [0x00000000d6780000, 0x00000000e3c80000, 0x0000000100000000)
  eden space 153600K, 41% used [0x00000000d6780000,0x00000000da533e48,0x00000000dfd80000)
  from space 12288K, 0% used [0x00000000dfd80000,0x00000000dfd80000,0x00000000e0980000)
  to   space 19456K, 0% used [0x00000000e2980000,0x00000000e2980000,0x00000000e3c80000)
 ParOldGen       total 148480K, used 30441K [0x0000000083600000, 0x000000008c700000, 0x00000000d6780000)
  object space 148480K, 20% used [0x0000000083600000,0x00000000853ba618,0x000000008c700000)
 Metaspace       used 63976K, capacity 65836K, committed 66048K, reserved 1103872K
  class space    used 10419K, capacity 10709K, committed 10752K, reserved 1048576K
GC Heap History (10 events):
Event: 5.677 GC heap before
{Heap before GC invocations=8 (full 1):
 PSYoungGen      total 108544K, used 61948K [0x00000000d6780000, 0x00000000df980000, 0x0000000100000000)
  eden space 101888K, 54% used [0x00000000d6780000,0x00000000d9ddb218,0x00000000dcb00000)
  from space 6656K, 94% used [0x00000000df300000,0x00000000df923f78,0x00000000df980000)
  to   space 11776K, 0% used [0x00000000de280000,0x00000000de280000,0x00000000dee00000)
 ParOldGen       total 66560K, used 13690K [0x0000000083600000, 0x0000000087700000, 0x00000000d6780000)
  object space 66560K, 20% used [0x0000000083600000,0x000000008435e940,0x0000000087700000)
 Metaspace       used 34524K, capacity 35378K, committed 35496K, reserved 1079296K
  class space    used 5990K, capacity 6135K, committed 6144K, reserved 1048576K
Event: 5.681 GC heap after
Heap after GC invocations=8 (full 1):
 PSYoungGen      total 137728K, used 5427K [0x00000000d6780000, 0x00000000e1500000, 0x0000000100000000)
  eden space 125952K, 0% used [0x00000000d6780000,0x00000000d6780000,0x00000000de280000)
  from space 11776K, 46% used [0x00000000de280000,0x00000000de7cce20,0x00000000dee00000)
  to   space 11776K, 0% used [0x00000000e0980000,0x00000000e0980000,0x00000000e1500000)
 ParOldGen       total 66560K, used 13698K [0x0000000083600000, 0x0000000087700000, 0x00000000d6780000)
  object space 66560K, 20% used [0x0000000083600000,0x0000000084360940,0x0000000087700000)
 Metaspace       used 34524K, capacity 35378K, committed 35496K, reserved 1079296K
  class space    used 5990K, capacity 6135K, committed 6144K, reserved 1048576K
}
Event: 5.681 GC heap before
{Heap before GC invocations=9 (full 2):
 PSYoungGen      total 137728K, used 5427K [0x00000000d6780000, 0x00000000e1500000, 0x0000000100000000)
  eden space 125952K, 0% used [0x00000000d6780000,0x00000000d6780000,0x00000000de280000)
  from space 11776K, 46% used [0x00000000de280000,0x00000000de7cce20,0x00000000dee00000)
  to   space 11776K, 0% used [0x00000000e0980000,0x00000000e0980000,0x00000000e1500000)
 ParOldGen       total 66560K, used 13698K [0x0000000083600000, 0x0000000087700000, 0x00000000d6780000)
  object space 66560K, 20% used [0x0000000083600000,0x0000000084360940,0x0000000087700000)
 Metaspace       used 34524K, capacity 35378K, committed 35496K, reserved 1079296K
  class space    used 5990K, capacity 6135K, committed 6144K, reserved 1048576K
Event: 5.753 GC heap after
Heap after GC invocations=9 (full 2):
 PSYoungGen      total 137728K, used 0K [0x00000000d6780000, 0x00000000e1500000, 0x0000000100000000)
  eden space 125952K, 0% used [0x00000000d6780000,0x00000000d6780000,0x00000000de280000)
  from space 11776K, 0% used [0x00000000de280000,0x00000000de280000,0x00000000dee00000)
  to   space 11776K, 0% used [0x00000000e0980000,0x00000000e0980000,0x00000000e1500000)
 ParOldGen       total 97280K, used 15198K [0x0000000083600000, 0x0000000089500000, 0x00000000d6780000)
  object space 97280K, 15% used [0x0000000083600000,0x00000000844d7ac0,0x0000000089500000)
 Metaspace       used 34522K, capacity 35372K, committed 35496K, reserved 1079296K
  class space    used 5989K, capacity 6134K, committed 6144K, reserved 1048576K
}
Event: 7.356 GC heap before
{Heap before GC invocations=10 (full 2):
 PSYoungGen      total 137728K, used 125952K [0x00000000d6780000, 0x00000000e1500000, 0x0000000100000000)
  eden space 125952K, 100% used [0x00000000d6780000,0x00000000de280000,0x00000000de280000)
  from space 11776K, 0% used [0x00000000de280000,0x00000000de280000,0x00000000dee00000)
  to   space 11776K, 0% used [0x00000000e0980000,0x00000000e0980000,0x00000000e1500000)
 ParOldGen       total 97280K, used 15200K [0x0000000083600000, 0x0000000089500000, 0x00000000d6780000)
  object space 97280K, 15% used [0x0000000083600000,0x00000000844d80a0,0x0000000089500000)
 Metaspace       used 46371K, capacity 47432K, committed 47616K, reserved 1089536K
  class space    used 7930K, capacity 8118K, committed 8192K, reserved 1048576K
Event: 7.364 GC heap after
Heap after GC invocations=10 (full 2):
 PSYoungGen      total 165376K, used 9535K [0x00000000d6780000, 0x00000000e2300000, 0x0000000100000000)
  eden space 153600K, 0% used [0x00000000d6780000,0x00000000d6780000,0x00000000dfd80000)
  from space 11776K, 80% used [0x00000000e0980000,0x00000000e12cff28,0x00000000e1500000)
  to   space 12288K, 0% used [0x00000000dfd80000,0x00000000dfd80000,0x00000000e0980000)
 ParOldGen       total 97280K, used 15208K [0x0000000083600000, 0x0000000089500000, 0x00000000d6780000)
  object space 97280K, 15% used [0x0000000083600000,0x00000000844da0a0,0x0000000089500000)
 Metaspace       used 46371K, capacity 47432K, committed 47616K, reserved 1089536K
  class space    used 7930K, capacity 8118K, committed 8192K, reserved 1048576K
}
Event: 18.010 GC heap before
{Heap before GC invocations=11 (full 2):
 PSYoungGen      total 165376K, used 107578K [0x00000000d6780000, 0x00000000e2300000, 0x0000000100000000)
  eden space 153600K, 63% used [0x00000000d6780000,0x00000000dc73ebb0,0x00000000dfd80000)
  from space 11776K, 80% used [0x00000000e0980000,0x00000000e12cff28,0x00000000e1500000)
  to   space 12288K, 0% used [0x00000000dfd80000,0x00000000dfd80000,0x00000000e0980000)
 ParOldGen       total 97280K, used 15208K [0x0000000083600000, 0x0000000089500000, 0x00000000d6780000)
  object space 97280K, 15% used [0x0000000083600000,0x00000000844da0a0,0x0000000089500000)
 Metaspace       used 57654K, capacity 59028K, committed 59160K, reserved 1099776K
  class space    used 9393K, capacity 9599K, committed 9600K, reserved 1048576K
Event: 18.026 GC heap after
Heap after GC invocations=11 (full 2):
 PSYoungGen      total 165888K, used 12271K [0x00000000d6780000, 0x00000000e3c80000, 0x0000000100000000)
  eden space 153600K, 0% used [0x00000000d6780000,0x00000000d6780000,0x00000000dfd80000)
  from space 12288K, 99% used [0x00000000dfd80000,0x00000000e097bd50,0x00000000e0980000)
  to   space 19456K, 0% used [0x00000000e2980000,0x00000000e2980000,0x00000000e3c80000)
 ParOldGen       total 97280K, used 30122K [0x0000000083600000, 0x0000000089500000, 0x00000000d6780000)
  object space 97280K, 30% used [0x0000000083600000,0x000000008536a818,0x0000000089500000)
 Metaspace       used 57654K, capacity 59028K, committed 59160K, reserved 1099776K
  class space    used 9393K, capacity 9599K, committed 9600K, reserved 1048576K
}
Event: 18.026 GC heap before
{Heap before GC invocations=12 (full 3):
 PSYoungGen      total 165888K, used 12271K [0x00000000d6780000, 0x00000000e3c80000, 0x0000000100000000)
  eden space 153600K, 0% used [0x00000000d6780000,0x00000000d6780000,0x00000000dfd80000)
  from space 12288K, 99% used [0x00000000dfd80000,0x00000000e097bd50,0x00000000e0980000)
  to   space 19456K, 0% used [0x00000000e2980000,0x00000000e2980000,0x00000000e3c80000)
 ParOldGen       total 97280K, used 30122K [0x0000000083600000, 0x0000000089500000, 0x00000000d6780000)
  object space 97280K, 30% used [0x0000000083600000,0x000000008536a818,0x0000000089500000)
 Metaspace       used 57654K, capacity 59028K, committed 59160K, reserved 1099776K
  class space    used 9393K, capacity 9599K, committed 9600K, reserved 1048576K
Event: 18.165 GC heap after
Heap after GC invocations=12 (full 3):
 PSYoungGen      total 165888K, used 0K [0x00000000d6780000, 0x00000000e3c80000, 0x0000000100000000)
  eden space 153600K, 0% used [0x00000000d6780000,0x00000000d6780000,0x00000000dfd80000)
  from space 12288K, 0% used [0x00000000dfd80000,0x00000000dfd80000,0x00000000e0980000)
  to   space 19456K, 0% used [0x00000000e2980000,0x00000000e2980000,0x00000000e3c80000)
 ParOldGen       total 148480K, used 30441K [0x0000000083600000, 0x000000008c700000, 0x00000000d6780000)
  object space 148480K, 20% used [0x0000000083600000,0x00000000853ba618,0x000000008c700000)
 Metaspace       used 57654K, capacity 59028K, committed 59160K, reserved 1099776K
  class space    used 9393K, capacity 9599K, committed 9600K, reserved 1048576K
}

