# JRE version: OpenJDK Runtime Environment (8.0_282-b08) (build 1.8.0_282-b08)
# Java VM: OpenJDK 64-Bit Server VM (25.282-b08 mixed mode windows-amd64 compressed oops)
Heap:
 PSYoungGen      total 192000K, used 82737K [0x00000000d6780000, 0x00000000e4580000, 0x0000000100000000)
  eden space 174592K, 47% used [0x00000000d6780000,0x00000000db84c440,0x00000000e1200000)
  from space 17408K, 0% used [0x00000000e2700000,0x00000000e2700000,0x00000000e3800000)
  to   space 21504K, 0% used [0x00000000e1200000,0x00000000e1200000,0x00000000e2700000)
 ParOldGen       total 148992K, used 33037K [0x0000000083600000, 0x000000008c780000, 0x00000000d6780000)
  object space 148992K, 22% used [0x0000000083600000,0x0000000085643538,0x000000008c780000)
 Metaspace       used 58080K, capacity 59745K, committed 59800K, reserved 1099776K
  class space    used 9468K, capacity 9682K, committed 9728K, reserved 1048576K
GC Heap History (10 events):
Event: 3.844 GC heap before
{Heap before GC invocations=9 (full 2):
 PSYoungGen      total 137728K, used 5451K [0x00000000d6780000, 0x00000000e1500000, 0x0000000100000000)
  eden space 125952K, 0% used [0x00000000d6780000,0x00000000d6780000,0x00000000de280000)
  from space 11776K, 46% used [0x00000000de280000,0x00000000de7d2eb8,0x00000000dee00000)
  to   space 11776K, 0% used [0x00000000e0980000,0x00000000e0980000,0x00000000e1500000)
 ParOldGen       total 64512K, used 11109K [0x0000000083600000, 0x0000000087500000, 0x00000000d6780000)
  object space 64512K, 17% used [0x0000000083600000,0x00000000840d9678,0x0000000087500000)
 Metaspace       used 34584K, capacity 35384K, committed 35496K, reserved 1079296K
  class space    used 5997K, capacity 6136K, committed 6144K, reserved 1048576K
Event: 3.904 GC heap after
Heap after GC invocations=9 (full 2):
 PSYoungGen      total 137728K, used 0K [0x00000000d6780000, 0x00000000e1500000, 0x0000000100000000)
  eden space 125952K, 0% used [0x00000000d6780000,0x00000000d6780000,0x00000000de280000)
  from space 11776K, 0% used [0x00000000de280000,0x00000000de280000,0x00000000dee00000)
  to   space 11776K, 0% used [0x00000000e0980000,0x00000000e0980000,0x00000000e1500000)
 ParOldGen       total 99328K, used 15208K [0x0000000083600000, 0x0000000089700000, 0x00000000d6780000)
  object space 99328K, 15% used [0x0000000083600000,0x00000000844da330,0x0000000089700000)
 Metaspace       used 34579K, capacity 35372K, committed 35496K, reserved 1079296K
  class space    used 5996K, capacity 6134K, committed 6144K, reserved 1048576K
}
Event: 5.088 GC heap before
{Heap before GC invocations=10 (full 2):
 PSYoungGen      total 137728K, used 125952K [0x00000000d6780000, 0x00000000e1500000, 0x0000000100000000)
  eden space 125952K, 100% used [0x00000000d6780000,0x00000000de280000,0x00000000de280000)
  from space 11776K, 0% used [0x00000000de280000,0x00000000de280000,0x00000000dee00000)
  to   space 11776K, 0% used [0x00000000e0980000,0x00000000e0980000,0x00000000e1500000)
 ParOldGen       total 99328K, used 15211K [0x0000000083600000, 0x0000000089700000, 0x00000000d6780000)
  object space 99328K, 15% used [0x0000000083600000,0x00000000844daf40,0x0000000089700000)
 Metaspace       used 45887K, capacity 46978K, committed 47232K, reserved 1089536K
  class space    used 7880K, capacity 8053K, committed 8064K, reserved 1048576K
Event: 5.102 GC heap after
Heap after GC invocations=10 (full 2):
 PSYoungGen      total 165888K, used 8777K [0x00000000d6780000, 0x00000000e2180000, 0x0000000100000000)
  eden space 154112K, 0% used [0x00000000d6780000,0x00000000d6780000,0x00000000dfe00000)
  from space 11776K, 74% used [0x00000000e0980000,0x00000000e1212770,0x00000000e1500000)
  to   space 11776K, 0% used [0x00000000dfe00000,0x00000000dfe00000,0x00000000e0980000)
 ParOldGen       total 99328K, used 15219K [0x0000000083600000, 0x0000000089700000, 0x00000000d6780000)
  object space 99328K, 15% used [0x0000000083600000,0x00000000844dcf40,0x0000000089700000)
 Metaspace       used 45887K, capacity 46978K, committed 47232K, reserved 1089536K
  class space    used 7880K, capacity 8053K, committed 8064K, reserved 1048576K
}
Event: 25.039 GC heap before
{Heap before GC invocations=11 (full 2):
 PSYoungGen      total 165888K, used 162152K [0x00000000d6780000, 0x00000000e2180000, 0x0000000100000000)
  eden space 154112K, 99% used [0x00000000d6780000,0x00000000dfd47908,0x00000000dfe00000)
  from space 11776K, 74% used [0x00000000e0980000,0x00000000e1212770,0x00000000e1500000)
  to   space 11776K, 0% used [0x00000000dfe00000,0x00000000dfe00000,0x00000000e0980000)
 ParOldGen       total 99328K, used 15219K [0x0000000083600000, 0x0000000089700000, 0x00000000d6780000)
  object space 99328K, 15% used [0x0000000083600000,0x00000000844dcf40,0x0000000089700000)
 Metaspace       used 56352K, capacity 57942K, committed 58112K, reserved 1097728K
  class space    used 9205K, capacity 9436K, committed 9472K, reserved 1048576K
Event: 25.052 GC heap after
Heap after GC invocations=11 (full 2):
 PSYoungGen      total 165888K, used 11772K [0x00000000d6780000, 0x00000000e3800000, 0x0000000100000000)
  eden space 154112K, 0% used [0x00000000d6780000,0x00000000d6780000,0x00000000dfe00000)
  from space 11776K, 99% used [0x00000000dfe00000,0x00000000e097f388,0x00000000e0980000)
  to   space 17408K, 0% used [0x00000000e2700000,0x00000000e2700000,0x00000000e3800000)
 ParOldGen       total 99328K, used 26039K [0x0000000083600000, 0x0000000089700000, 0x00000000d6780000)
  object space 99328K, 26% used [0x0000000083600000,0x0000000084f6df60,0x0000000089700000)
 Metaspace       used 56352K, capacity 57942K, committed 58112K, reserved 1097728K
  class space    used 9205K, capacity 9436K, committed 9472K, reserved 1048576K
}
Event: 25.484 GC heap before
{Heap before GC invocations=12 (full 2):
 PSYoungGen      total 165888K, used 30652K [0x00000000d6780000, 0x00000000e3800000, 0x0000000100000000)
  eden space 154112K, 12% used [0x00000000d6780000,0x00000000d79efea8,0x00000000dfe00000)
  from space 11776K, 99% used [0x00000000dfe00000,0x00000000e097f388,0x00000000e0980000)
  to   space 17408K, 0% used [0x00000000e2700000,0x00000000e2700000,0x00000000e3800000)
 ParOldGen       total 99328K, used 26039K [0x0000000083600000, 0x0000000089700000, 0x00000000d6780000)
  object space 99328K, 26% used [0x0000000083600000,0x0000000084f6df60,0x0000000089700000)
 Metaspace       used 57415K, capacity 59023K, committed 59160K, reserved 1099776K
  class space    used 9376K, capacity 9600K, committed 9600K, reserved 1048576K
Event: 25.496 GC heap after
Heap after GC invocations=12 (full 2):
 PSYoungGen      total 192000K, used 17386K [0x00000000d6780000, 0x00000000e4580000, 0x0000000100000000)
  eden space 174592K, 0% used [0x00000000d6780000,0x00000000d6780000,0x00000000e1200000)
  from space 17408K, 99% used [0x00000000e2700000,0x00000000e37fa9b0,0x00000000e3800000)
  to   space 21504K, 0% used [0x00000000e1200000,0x00000000e1200000,0x00000000e2700000)
 ParOldGen       total 99328K, used 30412K [0x0000000083600000, 0x0000000089700000, 0x00000000d6780000)
  object space 99328K, 30% used [0x0000000083600000,0x00000000853b30e8,0x0000000089700000)
 Metaspace       used 57415K, capacity 59023K, committed 59160K, reserved 1099776K
  class space    used 9376K, capacity 9600K, committed 9600K, reserved 1048576K
}
Event: 25.496 GC heap before
{Heap before GC invocations=13 (full 3):
 PSYoungGen      total 192000K, used 17386K [0x00000000d6780000, 0x00000000e4580000, 0x0000000100000000)
  eden space 174592K, 0% used [0x00000000d6780000,0x00000000d6780000,0x00000000e1200000)
  from space 17408K, 99% used [0x00000000e2700000,0x00000000e37fa9b0,0x00000000e3800000)
  to   space 21504K, 0% used [0x00000000e1200000,0x00000000e1200000,0x00000000e2700000)
 ParOldGen       total 99328K, used 30412K [0x0000000083600000, 0x0000000089700000, 0x00000000d6780000)
  object space 99328K, 30% used [0x0000000083600000,0x00000000853b30e8,0x0000000089700000)
 Metaspace       used 57415K, capacity 59023K, committed 59160K, reserved 1099776K
  class space    used 9376K, capacity 9600K, committed 9600K, reserved 1048576K
Event: 25.653 GC heap after
Heap after GC invocations=13 (full 3):
 PSYoungGen      total 192000K, used 0K [0x00000000d6780000, 0x00000000e4580000, 0x0000000100000000)
  eden space 174592K, 0% used [0x00000000d6780000,0x00000000d6780000,0x00000000e1200000)
  from space 17408K, 0% used [0x00000000e2700000,0x00000000e2700000,0x00000000e3800000)
  to   space 21504K, 0% used [0x00000000e1200000,0x00000000e1200000,0x00000000e2700000)
 ParOldGen       total 148992K, used 33037K [0x0000000083600000, 0x000000008c780000, 0x00000000d6780000)
  object space 148992K, 22% used [0x0000000083600000,0x0000000085643538,0x000000008c780000)
 Metaspace       used 57319K, capacity 58827K, committed 59160K, reserved 1099776K
  class space    used 9342K, capacity 9558K, committed 9600K, reserved 1048576K
}

