# JRE version: OpenJDK Runtime Environment (8.0_282-b08) (build 1.8.0_282-b08)
# Java VM: OpenJDK 64-Bit Server VM (25.282-b08 mixed mode windows-amd64 compressed oops)
Heap:
 PSYoungGen      total 162816K, used 37486K [0x00000000d6780000, 0x00000000e3c00000, 0x0000000100000000)
  eden space 150528K, 16% used [0x00000000d6780000,0x00000000d801d780,0x00000000dfa80000)
  from space 12288K, 99% used [0x00000000dfa80000,0x00000000e067e430,0x00000000e0680000)
  to   space 19456K, 0% used [0x00000000e2900000,0x00000000e2900000,0x00000000e3c00000)
 ParOldGen       total 95744K, used 29752K [0x0000000083600000, 0x0000000089380000, 0x00000000d6780000)
  object space 95744K, 31% used [0x0000000083600000,0x000000008530e288,0x0000000089380000)
 Metaspace       used 57280K, capacity 58800K, committed 59008K, reserved 1099776K
  class space    used 9347K, capacity 9553K, committed 9600K, reserved 1048576K
GC Heap History (10 events):
Event: 5.403 GC heap before
{Heap before GC invocations=7 (full 1):
 PSYoungGen      total 70656K, used 65536K [0x00000000d6780000, 0x00000000dff80000, 0x0000000100000000)
  eden space 65536K, 100% used [0x00000000d6780000,0x00000000da780000,0x00000000da780000)
  from space 5120K, 0% used [0x00000000da780000,0x00000000da780000,0x00000000dac80000)
  to   space 12288K, 0% used [0x00000000df380000,0x00000000df380000,0x00000000dff80000)
 ParOldGen       total 64000K, used 11028K [0x0000000083600000, 0x0000000087480000, 0x00000000d6780000)
  object space 64000K, 17% used [0x0000000083600000,0x00000000840c52f8,0x0000000087480000)
 Metaspace       used 28247K, capacity 28792K, committed 29056K, reserved 1073152K
  class space    used 5113K, capacity 5214K, committed 5248K, reserved 1048576K
Event: 5.408 GC heap after
Heap after GC invocations=7 (full 1):
 PSYoungGen      total 107520K, used 6368K [0x00000000d6780000, 0x00000000dfa00000, 0x0000000100000000)
  eden space 100864K, 0% used [0x00000000d6780000,0x00000000d6780000,0x00000000dca00000)
  from space 6656K, 95% used [0x00000000df380000,0x00000000df9b8278,0x00000000dfa00000)
  to   space 11776K, 0% used [0x00000000de300000,0x00000000de300000,0x00000000dee80000)
 ParOldGen       total 64000K, used 11036K [0x0000000083600000, 0x0000000087480000, 0x00000000d6780000)
  object space 64000K, 17% used [0x0000000083600000,0x00000000840c72f8,0x0000000087480000)
 Metaspace       used 28247K, capacity 28792K, committed 29056K, reserved 1073152K
  class space    used 5113K, capacity 5214K, committed 5248K, reserved 1048576K
}
Event: 6.057 GC heap before
{Heap before GC invocations=8 (full 1):
 PSYoungGen      total 107520K, used 61109K [0x00000000d6780000, 0x00000000dfa00000, 0x0000000100000000)
  eden space 100864K, 54% used [0x00000000d6780000,0x00000000d9cf52d8,0x00000000dca00000)
  from space 6656K, 95% used [0x00000000df380000,0x00000000df9b8278,0x00000000dfa00000)
  to   space 11776K, 0% used [0x00000000de300000,0x00000000de300000,0x00000000dee80000)
 ParOldGen       total 64000K, used 11036K [0x0000000083600000, 0x0000000087480000, 0x00000000d6780000)
  object space 64000K, 17% used [0x0000000083600000,0x00000000840c72f8,0x0000000087480000)
 Metaspace       used 34520K, capacity 35378K, committed 35496K, reserved 1079296K
  class space    used 5992K, capacity 6135K, committed 6144K, reserved 1048576K
Event: 6.062 GC heap after
Heap after GC invocations=8 (full 1):
 PSYoungGen      total 138240K, used 5515K [0x00000000d6780000, 0x00000000e1200000, 0x0000000100000000)
  eden space 126464K, 0% used [0x00000000d6780000,0x00000000d6780000,0x00000000de300000)
  from space 11776K, 46% used [0x00000000de300000,0x00000000de862c60,0x00000000dee80000)
  to   space 11776K, 0% used [0x00000000e0680000,0x00000000e0680000,0x00000000e1200000)
 ParOldGen       total 64000K, used 11044K [0x0000000083600000, 0x0000000087480000, 0x00000000d6780000)
  object space 64000K, 17% used [0x0000000083600000,0x00000000840c92f8,0x0000000087480000)
 Metaspace       used 34520K, capacity 35378K, committed 35496K, reserved 1079296K
  class space    used 5992K, capacity 6135K, committed 6144K, reserved 1048576K
}
Event: 6.062 GC heap before
{Heap before GC invocations=9 (full 2):
 PSYoungGen      total 138240K, used 5515K [0x00000000d6780000, 0x00000000e1200000, 0x0000000100000000)
  eden space 126464K, 0% used [0x00000000d6780000,0x00000000d6780000,0x00000000de300000)
  from space 11776K, 46% used [0x00000000de300000,0x00000000de862c60,0x00000000dee80000)
  to   space 11776K, 0% used [0x00000000e0680000,0x00000000e0680000,0x00000000e1200000)
 ParOldGen       total 64000K, used 11044K [0x0000000083600000, 0x0000000087480000, 0x00000000d6780000)
  object space 64000K, 17% used [0x0000000083600000,0x00000000840c92f8,0x0000000087480000)
 Metaspace       used 34520K, capacity 35378K, committed 35496K, reserved 1079296K
  class space    used 5992K, capacity 6135K, committed 6144K, reserved 1048576K
Event: 6.130 GC heap after
Heap after GC invocations=9 (full 2):
 PSYoungGen      total 138240K, used 0K [0x00000000d6780000, 0x00000000e1200000, 0x0000000100000000)
  eden space 126464K, 0% used [0x00000000d6780000,0x00000000d6780000,0x00000000de300000)
  from space 11776K, 0% used [0x00000000de300000,0x00000000de300000,0x00000000dee80000)
  to   space 11776K, 0% used [0x00000000e0680000,0x00000000e0680000,0x00000000e1200000)
 ParOldGen       total 95744K, used 15199K [0x0000000083600000, 0x0000000089380000, 0x00000000d6780000)
  object space 95744K, 15% used [0x0000000083600000,0x00000000844d7f00,0x0000000089380000)
 Metaspace       used 34518K, capacity 35372K, committed 35496K, reserved 1079296K
  class space    used 5991K, capacity 6134K, committed 6144K, reserved 1048576K
}
Event: 7.858 GC heap before
{Heap before GC invocations=10 (full 2):
 PSYoungGen      total 138240K, used 126464K [0x00000000d6780000, 0x00000000e1200000, 0x0000000100000000)
  eden space 126464K, 100% used [0x00000000d6780000,0x00000000de300000,0x00000000de300000)
  from space 11776K, 0% used [0x00000000de300000,0x00000000de300000,0x00000000dee80000)
  to   space 11776K, 0% used [0x00000000e0680000,0x00000000e0680000,0x00000000e1200000)
 ParOldGen       total 95744K, used 15199K [0x0000000083600000, 0x0000000089380000, 0x00000000d6780000)
  object space 95744K, 15% used [0x0000000083600000,0x00000000844d7f00,0x0000000089380000)
 Metaspace       used 46006K, capacity 47074K, committed 47360K, reserved 1089536K
  class space    used 7890K, capacity 8085K, committed 8192K, reserved 1048576K
Event: 7.870 GC heap after
Heap after GC invocations=10 (full 2):
 PSYoungGen      total 162304K, used 9312K [0x00000000d6780000, 0x00000000e2900000, 0x0000000100000000)
  eden space 150528K, 0% used [0x00000000d6780000,0x00000000d6780000,0x00000000dfa80000)
  from space 11776K, 79% used [0x00000000e0680000,0x00000000e0f983d8,0x00000000e1200000)
  to   space 12288K, 0% used [0x00000000dfa80000,0x00000000dfa80000,0x00000000e0680000)
 ParOldGen       total 95744K, used 15207K [0x0000000083600000, 0x0000000089380000, 0x00000000d6780000)
  object space 95744K, 15% used [0x0000000083600000,0x00000000844d9f00,0x0000000089380000)
 Metaspace       used 46006K, capacity 47074K, committed 47360K, reserved 1089536K
  class space    used 7890K, capacity 8085K, committed 8192K, reserved 1048576K
}
Event: 26.171 GC heap before
{Heap before GC invocations=11 (full 2):
 PSYoungGen      total 162304K, used 159840K [0x00000000d6780000, 0x00000000e2900000, 0x0000000100000000)
  eden space 150528K, 100% used [0x00000000d6780000,0x00000000dfa80000,0x00000000dfa80000)
  from space 11776K, 79% used [0x00000000e0680000,0x00000000e0f983d8,0x00000000e1200000)
  to   space 12288K, 0% used [0x00000000dfa80000,0x00000000dfa80000,0x00000000e0680000)
 ParOldGen       total 95744K, used 15207K [0x0000000083600000, 0x0000000089380000, 0x00000000d6780000)
  object space 95744K, 15% used [0x0000000083600000,0x00000000844d9f00,0x0000000089380000)
 Metaspace       used 57038K, capacity 58548K, committed 58752K, reserved 1097728K
  class space    used 9332K, capacity 9543K, committed 9600K, reserved 1048576K
Event: 26.185 GC heap after
Heap after GC invocations=11 (full 2):
 PSYoungGen      total 162816K, used 12281K [0x00000000d6780000, 0x00000000e3c00000, 0x0000000100000000)
  eden space 150528K, 0% used [0x00000000d6780000,0x00000000d6780000,0x00000000dfa80000)
  from space 12288K, 99% used [0x00000000dfa80000,0x00000000e067e430,0x00000000e0680000)
  to   space 19456K, 0% used [0x00000000e2900000,0x00000000e2900000,0x00000000e3c00000)
 ParOldGen       total 95744K, used 29752K [0x0000000083600000, 0x0000000089380000, 0x00000000d6780000)
  object space 95744K, 31% used [0x0000000083600000,0x000000008530e288,0x0000000089380000)
 Metaspace       used 57038K, capacity 58548K, committed 58752K, reserved 1097728K
  class space    used 9332K, capacity 9543K, committed 9600K, reserved 1048576K
}

