# JRE version: OpenJDK Runtime Environment (8.0_282-b08) (build 1.8.0_282-b08)
# Java VM: OpenJDK 64-Bit Server VM (25.282-b08 mixed mode windows-amd64 compressed oops)
Heap:
 PSYoungGen      total 212992K, used 102646K [0x00000000d6780000, 0x00000000e6380000, 0x0000000100000000)
  eden space 188416K, 41% used [0x00000000d6780000,0x00000000db3e3e18,0x00000000e1f80000)
  from space 24576K, 99% used [0x00000000e3400000,0x00000000e4bd9c30,0x00000000e4c00000)
  to   space 24064K, 0% used [0x00000000e4c00000,0x00000000e4c00000,0x00000000e6380000)
 ParOldGen       total 144384K, used 38112K [0x0000000083600000, 0x000000008c300000, 0x00000000d6780000)
  object space 144384K, 26% used [0x0000000083600000,0x0000000085b382d0,0x000000008c300000)
 Metaspace       used 71212K, capacity 73454K, committed 73600K, reserved 1112064K
  class space    used 10982K, capacity 11318K, committed 11392K, reserved 1048576K
GC Heap History (10 events):
Event: 29.593 GC heap before
{Heap before GC invocations=14 (full 3):
 PSYoungGen      total 198144K, used 198042K [0x00000000d6780000, 0x00000000e4a80000, 0x0000000100000000)
  eden space 178688K, 99% used [0x00000000d6780000,0x00000000e15e8378,0x00000000e1600000)
  from space 19456K, 99% used [0x00000000e2e00000,0x00000000e40fe758,0x00000000e4100000)
  to   space 24576K, 0% used [0x00000000e1600000,0x00000000e1600000,0x00000000e2e00000)
 ParOldGen       total 144384K, used 37293K [0x0000000083600000, 0x000000008c300000, 0x00000000d6780000)
  object space 144384K, 25% used [0x0000000083600000,0x0000000085a6b470,0x000000008c300000)
 Metaspace       used 68353K, capacity 70362K, committed 70656K, reserved 1107968K
  class space    used 10829K, capacity 11152K, committed 11264K, reserved 1048576K
Event: 29.602 GC heap after
Heap after GC invocations=14 (full 3):
 PSYoungGen      total 203264K, used 21474K [0x00000000d6780000, 0x00000000e6600000, 0x0000000100000000)
  eden space 178688K, 0% used [0x00000000d6780000,0x00000000d6780000,0x00000000e1600000)
  from space 24576K, 87% used [0x00000000e1600000,0x00000000e2af8920,0x00000000e2e00000)
  to   space 27136K, 0% used [0x00000000e4b80000,0x00000000e4b80000,0x00000000e6600000)
 ParOldGen       total 144384K, used 37301K [0x0000000083600000, 0x000000008c300000, 0x00000000d6780000)
  object space 144384K, 25% used [0x0000000083600000,0x0000000085a6d470,0x000000008c300000)
 Metaspace       used 68353K, capacity 70362K, committed 70656K, reserved 1107968K
  class space    used 10829K, capacity 11152K, committed 11264K, reserved 1048576K
}
Event: 65.681 GC heap before
{Heap before GC invocations=15 (full 3):
 PSYoungGen      total 203264K, used 200162K [0x00000000d6780000, 0x00000000e6600000, 0x0000000100000000)
  eden space 178688K, 100% used [0x00000000d6780000,0x00000000e1600000,0x00000000e1600000)
  from space 24576K, 87% used [0x00000000e1600000,0x00000000e2af8920,0x00000000e2e00000)
  to   space 27136K, 0% used [0x00000000e4b80000,0x00000000e4b80000,0x00000000e6600000)
 ParOldGen       total 144384K, used 37301K [0x0000000083600000, 0x000000008c300000, 0x00000000d6780000)
  object space 144384K, 25% used [0x0000000083600000,0x0000000085a6d470,0x000000008c300000)
 Metaspace       used 69870K, capacity 72002K, committed 72320K, reserved 1110016K
  class space    used 10963K, capacity 11278K, committed 11392K, reserved 1048576K
Event: 65.694 GC heap after
Heap after GC invocations=15 (full 3):
 PSYoungGen      total 228352K, used 27132K [0x00000000d6780000, 0x00000000e6900000, 0x0000000100000000)
  eden space 201216K, 0% used [0x00000000d6780000,0x00000000d6780000,0x00000000e2c00000)
  from space 27136K, 99% used [0x00000000e4b80000,0x00000000e65ff368,0x00000000e6600000)
  to   space 31232K, 0% used [0x00000000e2c00000,0x00000000e2c00000,0x00000000e4a80000)
 ParOldGen       total 144384K, used 38088K [0x0000000083600000, 0x000000008c300000, 0x00000000d6780000)
  object space 144384K, 26% used [0x0000000083600000,0x0000000085b322d0,0x000000008c300000)
 Metaspace       used 69870K, capacity 72002K, committed 72320K, reserved 1110016K
  class space    used 10963K, capacity 11278K, committed 11392K, reserved 1048576K
}
Event: 111.779 GC heap before
{Heap before GC invocations=16 (full 3):
 PSYoungGen      total 228352K, used 228348K [0x00000000d6780000, 0x00000000e6900000, 0x0000000100000000)
  eden space 201216K, 100% used [0x00000000d6780000,0x00000000e2c00000,0x00000000e2c00000)
  from space 27136K, 99% used [0x00000000e4b80000,0x00000000e65ff368,0x00000000e6600000)
  to   space 31232K, 0% used [0x00000000e2c00000,0x00000000e2c00000,0x00000000e4a80000)
 ParOldGen       total 144384K, used 38088K [0x0000000083600000, 0x000000008c300000, 0x00000000d6780000)
  object space 144384K, 26% used [0x0000000083600000,0x0000000085b322d0,0x000000008c300000)
 Metaspace       used 70188K, capacity 72346K, committed 72576K, reserved 1110016K
  class space    used 10969K, capacity 11282K, committed 11392K, reserved 1048576K
Event: 111.789 GC heap after
Heap after GC invocations=16 (full 3):
 PSYoungGen      total 232448K, used 20833K [0x00000000d6780000, 0x00000000e7f00000, 0x0000000100000000)
  eden space 201216K, 0% used [0x00000000d6780000,0x00000000d6780000,0x00000000e2c00000)
  from space 31232K, 66% used [0x00000000e2c00000,0x00000000e4058458,0x00000000e4a80000)
  to   space 32256K, 0% used [0x00000000e5f80000,0x00000000e5f80000,0x00000000e7f00000)
 ParOldGen       total 144384K, used 38096K [0x0000000083600000, 0x000000008c300000, 0x00000000d6780000)
  object space 144384K, 26% used [0x0000000083600000,0x0000000085b342d0,0x000000008c300000)
 Metaspace       used 70188K, capacity 72346K, committed 72576K, reserved 1110016K
  class space    used 10969K, capacity 11282K, committed 11392K, reserved 1048576K
}
Event: 287.873 GC heap before
{Heap before GC invocations=17 (full 3):
 PSYoungGen      total 232448K, used 222049K [0x00000000d6780000, 0x00000000e7f00000, 0x0000000100000000)
  eden space 201216K, 100% used [0x00000000d6780000,0x00000000e2c00000,0x00000000e2c00000)
  from space 31232K, 66% used [0x00000000e2c00000,0x00000000e4058458,0x00000000e4a80000)
  to   space 32256K, 0% used [0x00000000e5f80000,0x00000000e5f80000,0x00000000e7f00000)
 ParOldGen       total 144384K, used 38096K [0x0000000083600000, 0x000000008c300000, 0x00000000d6780000)
  object space 144384K, 26% used [0x0000000083600000,0x0000000085b342d0,0x000000008c300000)
 Metaspace       used 70916K, capacity 73120K, committed 73344K, reserved 1112064K
  class space    used 10981K, capacity 11317K, committed 11392K, reserved 1048576K
Event: 287.883 GC heap after
Heap after GC invocations=17 (full 3):
 PSYoungGen      total 216576K, used 21814K [0x00000000d6780000, 0x00000000e7500000, 0x0000000100000000)
  eden space 194560K, 0% used [0x00000000d6780000,0x00000000d6780000,0x00000000e2580000)
  from space 22016K, 99% used [0x00000000e5f80000,0x00000000e74cdbd0,0x00000000e7500000)
  to   space 33280K, 0% used [0x00000000e3400000,0x00000000e3400000,0x00000000e5480000)
 ParOldGen       total 144384K, used 38104K [0x0000000083600000, 0x000000008c300000, 0x00000000d6780000)
  object space 144384K, 26% used [0x0000000083600000,0x0000000085b362d0,0x000000008c300000)
 Metaspace       used 70916K, capacity 73120K, committed 73344K, reserved 1112064K
  class space    used 10981K, capacity 11317K, committed 11392K, reserved 1048576K
}
Event: 317.395 GC heap before
{Heap before GC invocations=18 (full 3):
 PSYoungGen      total 216576K, used 216374K [0x00000000d6780000, 0x00000000e7500000, 0x0000000100000000)
  eden space 194560K, 100% used [0x00000000d6780000,0x00000000e2580000,0x00000000e2580000)
  from space 22016K, 99% used [0x00000000e5f80000,0x00000000e74cdbd0,0x00000000e7500000)
  to   space 33280K, 0% used [0x00000000e3400000,0x00000000e3400000,0x00000000e5480000)
 ParOldGen       total 144384K, used 38104K [0x0000000083600000, 0x000000008c300000, 0x00000000d6780000)
  object space 144384K, 26% used [0x0000000083600000,0x0000000085b362d0,0x000000008c300000)
 Metaspace       used 71017K, capacity 73192K, committed 73344K, reserved 1112064K
  class space    used 10981K, capacity 11317K, committed 11392K, reserved 1048576K
Event: 317.409 GC heap after
Heap after GC invocations=18 (full 3):
 PSYoungGen      total 212992K, used 24423K [0x00000000d6780000, 0x00000000e6380000, 0x0000000100000000)
  eden space 188416K, 0% used [0x00000000d6780000,0x00000000d6780000,0x00000000e1f80000)
  from space 24576K, 99% used [0x00000000e3400000,0x00000000e4bd9c30,0x00000000e4c00000)
  to   space 24064K, 0% used [0x00000000e4c00000,0x00000000e4c00000,0x00000000e6380000)
 ParOldGen       total 144384K, used 38112K [0x0000000083600000, 0x000000008c300000, 0x00000000d6780000)
  object space 144384K, 26% used [0x0000000083600000,0x0000000085b382d0,0x000000008c300000)
 Metaspace       used 71017K, capacity 73192K, committed 73344K, reserved 1112064K
  class space    used 10981K, capacity 11317K, committed 11392K, reserved 1048576K
}

